<?xml version="1.0" encoding="utf-8"?>
<TestRun id="f8884a5c-178e-4730-baf5-fa631e4b60e8" name="user@GIVI 2022-04-14 19:11:44" runUser="GIVI\user" xmlns="http://microsoft.com/schemas/VisualStudio/TeamTest/2010">
  <Times creation="2022-04-14T19:11:44.0336185+03:00" queuing="2022-04-14T19:11:44.0336187+03:00" start="2022-04-14T19:11:43.0825444+03:00" finish="2022-04-14T19:11:44.0708233+03:00" />
  <TestSettings name="default" id="2264a892-56fc-44ef-896a-b0062ee037cd">
    <Deployment runDeploymentRoot="user_GIVI_2022-04-14_19_11_44" />
  </TestSettings>
  <Results>
    <UnitTestResult executionId="4ccc3e45-4aca-4d73-8b9c-8729d225d423" testId="99765324-fded-a78e-7c19-89f5434292af" testName="Hw1Tests.ProgramTests.Main_CorrectInputData_WillReturnZero" computerName="GIVI" duration="00:00:00.0025872" startTime="2022-04-14T19:11:43.9782586+03:00" endTime="2022-04-14T19:11:43.9782586+03:00" testType="13cdc9d9-ddb5-4fa4-a97d-d965ccfc6d4b" outcome="Passed" testListId="8c84fa94-04c1-424b-9868-57a2d4851a1d" relativeResultsDirectory="4ccc3e45-4aca-4d73-8b9c-8729d225d423" />
    <UnitTestResult executionId="f3ccf9d9-aab7-4ec8-a539-18b9d79e8e38" testId="12cb2f01-6feb-f183-c109-1430df718a33" testName="Hw1Tests.CalculatorTests.Calculate_Multiply_WillReturnCorrectResult(val1: -5, operation: Multiply, val2: 7, expected: -35)" computerName="GIVI" duration="00:00:00.0000809" startTime="2022-04-14T19:11:44.0062468+03:00" endTime="2022-04-14T19:11:44.0062469+03:00" testType="13cdc9d9-ddb5-4fa4-a97d-d965ccfc6d4b" outcome="Passed" testListId="8c84fa94-04c1-424b-9868-57a2d4851a1d" relativeResultsDirectory="f3ccf9d9-aab7-4ec8-a539-18b9d79e8e38" />
    <UnitTestResult executionId="1f05bace-f907-4f5b-9b34-16f57fae40b8" testId="339d06ad-0a76-b384-af3e-7e815fa7c6fe" testName="Hw1Tests.ErrorMessagesTests.IsErrorCodeDisplayErrorMessage_WrongInput_WillReturnTrue(code: WrongArgFormatOperation, args: [&quot;1&quot;, &quot;fd&quot;, &quot;1&quot;])" computerName="GIVI" duration="00:00:00.0000462" startTime="2022-04-14T19:11:44.0073918+03:00" endTime="2022-04-14T19:11:44.0073918+03:00" testType="13cdc9d9-ddb5-4fa4-a97d-d965ccfc6d4b" outcome="Passed" testListId="8c84fa94-04c1-424b-9868-57a2d4851a1d" relativeResultsDirectory="1f05bace-f907-4f5b-9b34-16f57fae40b8" />
    <UnitTestResult executionId="5a230d11-97e8-4b60-8dc2-d6f45b93a495" testId="1ccab59f-0542-2245-61b2-3870f94bcc65" testName="Hw1Tests.ProgramTests.Main_WrongInputData_WillReturnNotZero" computerName="GIVI" duration="00:00:00.0001845" startTime="2022-04-14T19:11:44.0064847+03:00" endTime="2022-04-14T19:11:44.0064847+03:00" testType="13cdc9d9-ddb5-4fa4-a97d-d965ccfc6d4b" outcome="Passed" testListId="8c84fa94-04c1-424b-9868-57a2d4851a1d" relativeResultsDirectory="5a230d11-97e8-4b60-8dc2-d6f45b93a495" />
    <UnitTestResult executionId="45410ab1-1d99-45ff-8052-91aee314c16a" testId="307258b7-777b-1af1-152b-5e6cb6897c62" testName="Hw1Tests.CalculatorTests.Calculate_Plus_WillReturnCorrectResult(val1: -5, operation: Plus, val2: -7, expected: -12)" computerName="GIVI" duration="00:00:00.0000263" startTime="2022-04-14T19:11:43.9791418+03:00" endTime="2022-04-14T19:11:43.9791419+03:00" testType="13cdc9d9-ddb5-4fa4-a97d-d965ccfc6d4b" outcome="Passed" testListId="8c84fa94-04c1-424b-9868-57a2d4851a1d" relativeResultsDirectory="45410ab1-1d99-45ff-8052-91aee314c16a" />
    <UnitTestResult executionId="eaaa0b46-1399-4c93-8b36-0cdc3a272ed9" testId="b9ac6344-016c-0240-3bf2-28c86e868452" testName="Hw1Tests.ErrorMessagesTests.IsErrorCodeDisplayErrorMessage_WrongInput_WillReturnTrue(code: WrongArgFormatInt, args: [&quot;1&quot;, &quot;+&quot;, &quot;s&quot;])" computerName="GIVI" duration="00:00:00.0001641" startTime="2022-04-14T19:11:44.0064536+03:00" endTime="2022-04-14T19:11:44.0064536+03:00" testType="13cdc9d9-ddb5-4fa4-a97d-d965ccfc6d4b" outcome="Passed" testListId="8c84fa94-04c1-424b-9868-57a2d4851a1d" relativeResultsDirectory="eaaa0b46-1399-4c93-8b36-0cdc3a272ed9" />
    <UnitTestResult executionId="907eca22-86da-4d62-a5a2-47fde0f9cf08" testId="4bc6921a-901d-fc0f-51b1-d44843b25503" testName="Hw1Tests.CalculatorTests.Calculate_Divide_WillReturnCorrectResult(val1: -10, operation: Divide, val2: -5, expected: 2)" computerName="GIVI" duration="00:00:00.0000043" startTime="2022-04-14T19:11:44.0075335+03:00" endTime="2022-04-14T19:11:44.0075336+03:00" testType="13cdc9d9-ddb5-4fa4-a97d-d965ccfc6d4b" outcome="Passed" testListId="8c84fa94-04c1-424b-9868-57a2d4851a1d" relativeResultsDirectory="907eca22-86da-4d62-a5a2-47fde0f9cf08" />
    <UnitTestResult executionId="e963d38d-e232-40a0-861b-cb0c161c4e85" testId="f114b2e5-4548-b480-5797-9d4ad33fb0fb" testName="Hw1Tests.ParserTests.ParseCalcArguments_Operation_WillParse(operation: &quot;/&quot;, operationExpected: Divide)" computerName="GIVI" duration="00:00:00.0000030" startTime="2022-04-14T19:11:44.0080695+03:00" endTime="2022-04-14T19:11:44.0080695+03:00" testType="13cdc9d9-ddb5-4fa4-a97d-d965ccfc6d4b" outcome="Passed" testListId="8c84fa94-04c1-424b-9868-57a2d4851a1d" relativeResultsDirectory="e963d38d-e232-40a0-861b-cb0c161c4e85" />
    <UnitTestResult executionId="aeb1d5b3-ecac-4181-aab4-6452af0264e1" testId="2cbed5f4-7ed9-78ff-958b-032e297b345b" testName="Hw1Tests.CalculatorTests.Calculate_Minus_WillReturnCorrectResult(val1: 5, operation: Minus, val2: 7, expected: -2)" computerName="GIVI" duration="00:00:00.0000073" startTime="2022-04-14T19:11:44.0073527+03:00" endTime="2022-04-14T19:11:44.0073528+03:00" testType="13cdc9d9-ddb5-4fa4-a97d-d965ccfc6d4b" outcome="Passed" testListId="8c84fa94-04c1-424b-9868-57a2d4851a1d" relativeResultsDirectory="aeb1d5b3-ecac-4181-aab4-6452af0264e1" />
    <UnitTestResult executionId="0fbe844c-7154-46e4-aebb-f8b9e0bbbd2d" testId="848d6f12-9231-e015-c7c9-cab0bfa8deaf" testName="Hw1Tests.CalculatorTests.Calculate_Multiply_WillReturnCorrectResult(val1: -5, operation: Multiply, val2: -7, expected: 35)" computerName="GIVI" duration="00:00:00.0000043" startTime="2022-04-14T19:11:44.0064363+03:00" endTime="2022-04-14T19:11:44.0064363+03:00" testType="13cdc9d9-ddb5-4fa4-a97d-d965ccfc6d4b" outcome="Passed" testListId="8c84fa94-04c1-424b-9868-57a2d4851a1d" relativeResultsDirectory="0fbe844c-7154-46e4-aebb-f8b9e0bbbd2d" />
    <UnitTestResult executionId="b082f304-2873-4ed0-aca3-e2df9cdb5fab" testId="a47b4ba0-b23b-bba9-f457-8e615155c93c" testName="Hw1Tests.CalculatorTests.Calculate_Multiply_WillReturnCorrectResult(val1: 5, operation: Multiply, val2: -7, expected: -35)" computerName="GIVI" duration="00:00:00.0000040" startTime="2022-04-14T19:11:44.0064022+03:00" endTime="2022-04-14T19:11:44.0064066+03:00" testType="13cdc9d9-ddb5-4fa4-a97d-d965ccfc6d4b" outcome="Passed" testListId="8c84fa94-04c1-424b-9868-57a2d4851a1d" relativeResultsDirectory="b082f304-2873-4ed0-aca3-e2df9cdb5fab" />
    <UnitTestResult executionId="f04fc803-f659-4a38-855f-55214f89aad4" testId="e44953b9-483e-7063-5595-45f347246084" testName="Hw1Tests.CalculatorTests.Calculate_Plus_WillReturnCorrectResult(val1: 5, operation: Plus, val2: 7, expected: 12)" computerName="GIVI" duration="00:00:00.0035864" startTime="2022-04-14T19:11:43.9782284+03:00" endTime="2022-04-14T19:11:43.9782285+03:00" testType="13cdc9d9-ddb5-4fa4-a97d-d965ccfc6d4b" outcome="Passed" testListId="8c84fa94-04c1-424b-9868-57a2d4851a1d" relativeResultsDirectory="f04fc803-f659-4a38-855f-55214f89aad4" />
    <UnitTestResult executionId="9ae7fec2-46da-4ec2-98df-96268af3b65a" testId="f9eb201a-928d-bb0d-a9e2-5c66f41fe6d8" testName="Hw1Tests.CalculatorTests.Calculate_Multiply_WillReturnCorrectResult(val1: 5, operation: Multiply, val2: 7, expected: 35)" computerName="GIVI" duration="00:00:00.0000068" startTime="2022-04-14T19:11:44.0063771+03:00" endTime="2022-04-14T19:11:44.0063772+03:00" testType="13cdc9d9-ddb5-4fa4-a97d-d965ccfc6d4b" outcome="Passed" testListId="8c84fa94-04c1-424b-9868-57a2d4851a1d" relativeResultsDirectory="9ae7fec2-46da-4ec2-98df-96268af3b65a" />
    <UnitTestResult executionId="2ae28f27-3467-4dd7-8639-07ba0c49e9e2" testId="cfb41571-67ff-6d96-d36b-9a699ad3add9" testName="Hw1Tests.CalculatorTests.Calculate_Plus_WillReturnCorrectResult(val1: 5, operation: Plus, val2: -7, expected: -2)" computerName="GIVI" duration="00:00:00.0000160" startTime="2022-04-14T19:11:43.9792211+03:00" endTime="2022-04-14T19:11:43.9792211+03:00" testType="13cdc9d9-ddb5-4fa4-a97d-d965ccfc6d4b" outcome="Passed" testListId="8c84fa94-04c1-424b-9868-57a2d4851a1d" relativeResultsDirectory="2ae28f27-3467-4dd7-8639-07ba0c49e9e2" />
    <UnitTestResult executionId="0394def4-2db3-42bb-b36f-a891fa8fee66" testId="9631b5e2-632f-da38-d13d-2b36b9903f58" testName="Hw1Tests.ParserTests.ParseCalcArguments_NotNumber_WillReturnWrongArgFormatInt" computerName="GIVI" duration="00:00:00.0000738" startTime="2022-04-14T19:11:44.0081476+03:00" endTime="2022-04-14T19:11:44.0081477+03:00" testType="13cdc9d9-ddb5-4fa4-a97d-d965ccfc6d4b" outcome="Passed" testListId="8c84fa94-04c1-424b-9868-57a2d4851a1d" relativeResultsDirectory="0394def4-2db3-42bb-b36f-a891fa8fee66" />
    <UnitTestResult executionId="898348b4-2be6-4589-acf4-ec9492bf8f00" testId="fc2a285d-e9da-8d85-a7d6-d0646ac2c247" testName="Hw1Tests.CalculatorTests.Calculate_Divide_WillReturnCorrectResult(val1: 10, operation: Divide, val2: 5, expected: 2)" computerName="GIVI" duration="00:00:00.0000740" startTime="2022-04-14T19:11:44.0074481+03:00" endTime="2022-04-14T19:11:44.0074481+03:00" testType="13cdc9d9-ddb5-4fa4-a97d-d965ccfc6d4b" outcome="Passed" testListId="8c84fa94-04c1-424b-9868-57a2d4851a1d" relativeResultsDirectory="898348b4-2be6-4589-acf4-ec9492bf8f00" />
    <UnitTestResult executionId="266548d4-9c96-4e75-aeb2-600ee7d3f9f0" testId="3e6391e3-a1d6-145e-a55c-81e379f1186f" testName="Hw1Tests.ParserTests.ParseCalcArguments_Operation_WillParse(operation: &quot;+&quot;, operationExpected: Plus)" computerName="GIVI" duration="00:00:00.0059135" startTime="2022-04-14T19:11:44.0075481+03:00" endTime="2022-04-14T19:11:44.0075482+03:00" testType="13cdc9d9-ddb5-4fa4-a97d-d965ccfc6d4b" outcome="Passed" testListId="8c84fa94-04c1-424b-9868-57a2d4851a1d" relativeResultsDirectory="266548d4-9c96-4e75-aeb2-600ee7d3f9f0" />
    <UnitTestResult executionId="bf5d5412-e64a-482b-af01-f266cc7a50dc" testId="f34375e2-610d-f3df-5048-8ba1b6ffe9a6" testName="Hw1Tests.CalculatorTests.Calculate_Minus_WillReturnCorrectResult(val1: -5, operation: Minus, val2: -7, expected: 2)" computerName="GIVI" duration="00:00:00.0000867" startTime="2022-04-14T19:11:44.0065017+03:00" endTime="2022-04-14T19:11:44.0065018+03:00" testType="13cdc9d9-ddb5-4fa4-a97d-d965ccfc6d4b" outcome="Passed" testListId="8c84fa94-04c1-424b-9868-57a2d4851a1d" relativeResultsDirectory="bf5d5412-e64a-482b-af01-f266cc7a50dc" />
    <UnitTestResult executionId="39d8df51-5628-4e63-aff9-d3332fde42bc" testId="774fdc75-0c14-3664-7a77-fa69f0478c4f" testName="Hw1Tests.CalculatorTests.Calculate_Divide_WillReturnCorrectResult(val1: -10, operation: Divide, val2: 5, expected: -2)" computerName="GIVI" duration="00:00:00.0000061" startTime="2022-04-14T19:11:44.0074697+03:00" endTime="2022-04-14T19:11:44.0074697+03:00" testType="13cdc9d9-ddb5-4fa4-a97d-d965ccfc6d4b" outcome="Passed" testListId="8c84fa94-04c1-424b-9868-57a2d4851a1d" relativeResultsDirectory="39d8df51-5628-4e63-aff9-d3332fde42bc" />
    <UnitTestResult executionId="0277e4e5-aeea-4285-9d64-dab360a5a777" testId="1cd3461f-b23c-980d-ea55-65051a80f8c4" testName="Hw1Tests.ParserTests.ParseCalcArguments_Operation_WillParse(operation: &quot;*&quot;, operationExpected: Multiply)" computerName="GIVI" duration="00:00:00.0000133" startTime="2022-04-14T19:11:44.0080247+03:00" endTime="2022-04-14T19:11:44.0080248+03:00" testType="13cdc9d9-ddb5-4fa4-a97d-d965ccfc6d4b" outcome="Passed" testListId="8c84fa94-04c1-424b-9868-57a2d4851a1d" relativeResultsDirectory="0277e4e5-aeea-4285-9d64-dab360a5a777" />
    <UnitTestResult executionId="93e0730f-d0cb-4e58-8834-45ec0200a860" testId="882b02c7-2d7f-7c0c-3aa2-999a3409ae25" testName="Hw1Tests.CalculatorTests.Calculate_Plus_WillReturnCorrectResult(val1: -5, operation: Plus, val2: 7, expected: 2)" computerName="GIVI" duration="00:00:00.0000051" startTime="2022-04-14T19:11:43.9791831+03:00" endTime="2022-04-14T19:11:43.9791832+03:00" testType="13cdc9d9-ddb5-4fa4-a97d-d965ccfc6d4b" outcome="Passed" testListId="8c84fa94-04c1-424b-9868-57a2d4851a1d" relativeResultsDirectory="93e0730f-d0cb-4e58-8834-45ec0200a860" />
    <UnitTestResult executionId="b17c8641-c566-41c0-8255-de00948bc7cc" testId="7c52ddd1-05e7-4bbb-17d5-16fba27765fa" testName="Hw1Tests.ParserTests.ParseCalcArguments_Operation_WillParse(operation: &quot;-&quot;, operationExpected: Minus)" computerName="GIVI" duration="00:00:00.0000033" startTime="2022-04-14T19:11:44.0080482+03:00" endTime="2022-04-14T19:11:44.0080482+03:00" testType="13cdc9d9-ddb5-4fa4-a97d-d965ccfc6d4b" outcome="Passed" testListId="8c84fa94-04c1-424b-9868-57a2d4851a1d" relativeResultsDirectory="b17c8641-c566-41c0-8255-de00948bc7cc" />
    <UnitTestResult executionId="5cf5f155-1cf8-4716-8771-d26e1eccc313" testId="03d5bd12-969f-8429-9de3-74000c386e58" testName="Hw1Tests.ParserTests.ParseCalcArguments_NotOperation_WillReturnWrongArgFormatOperation" computerName="GIVI" duration="00:00:00.0000771" startTime="2022-04-14T19:11:44.0080957+03:00" endTime="2022-04-14T19:11:44.0080957+03:00" testType="13cdc9d9-ddb5-4fa4-a97d-d965ccfc6d4b" outcome="Passed" testListId="8c84fa94-04c1-424b-9868-57a2d4851a1d" relativeResultsDirectory="5cf5f155-1cf8-4716-8771-d26e1eccc313" />
    <UnitTestResult executionId="1a5b97df-f7ca-4055-80cc-508fc2d6c833" testId="9635f27e-6bc7-8e2e-d346-abb243be9430" testName="Hw1Tests.ErrorMessagesTests.IsErrorCodeDisplayErrorMessage_WrongInput_WillReturnTrue(code: WrongArgLength, args: [&quot;1&quot;, &quot;+&quot;, &quot;1&quot;, &quot;&quot;])" computerName="GIVI" duration="00:00:00.0000772" startTime="2022-04-14T19:11:44.0065145+03:00" endTime="2022-04-14T19:11:44.0065145+03:00" testType="13cdc9d9-ddb5-4fa4-a97d-d965ccfc6d4b" outcome="Passed" testListId="8c84fa94-04c1-424b-9868-57a2d4851a1d" relativeResultsDirectory="1a5b97df-f7ca-4055-80cc-508fc2d6c833" />
    <UnitTestResult executionId="69590d5d-eec0-4dc1-9a90-0494d6e51208" testId="1c963188-7a84-184c-1700-8ad6b4f37877" testName="Hw1Tests.CalculatorTests.Calculate_Divide_WillReturnCorrectResult(val1: 7, operation: Divide, val2: 2, expected: 3,5)" computerName="GIVI" duration="00:00:00.0000039" startTime="2022-04-14T19:11:44.0075125+03:00" endTime="2022-04-14T19:11:44.0075125+03:00" testType="13cdc9d9-ddb5-4fa4-a97d-d965ccfc6d4b" outcome="Passed" testListId="8c84fa94-04c1-424b-9868-57a2d4851a1d" relativeResultsDirectory="69590d5d-eec0-4dc1-9a90-0494d6e51208" />
    <UnitTestResult executionId="b908ba3b-a61b-4aa8-917b-9fb5ce27de22" testId="ccdb80bb-47ae-e497-3f80-764b86ac0380" testName="Hw1Tests.CalculatorTests.Calculate_Divide_WillReturnCorrectResult(val1: 10, operation: Divide, val2: -5, expected: -2)" computerName="GIVI" duration="00:00:00.0000049" startTime="2022-04-14T19:11:44.0074913+03:00" endTime="2022-04-14T19:11:44.0074913+03:00" testType="13cdc9d9-ddb5-4fa4-a97d-d965ccfc6d4b" outcome="Passed" testListId="8c84fa94-04c1-424b-9868-57a2d4851a1d" relativeResultsDirectory="b908ba3b-a61b-4aa8-917b-9fb5ce27de22" />
    <UnitTestResult executionId="f7f0fb2d-736e-4c48-a468-0b2f101a8d57" testId="94af45db-ae5e-6a17-d036-8ac813348adf" testName="Hw1Tests.CalculatorTests.Calculate_Minus_WillReturnCorrectResult(val1: 5, operation: Minus, val2: -7, expected: 12)" computerName="GIVI" duration="00:00:00.0000058" startTime="2022-04-14T19:11:44.0073795+03:00" endTime="2022-04-14T19:11:44.0073796+03:00" testType="13cdc9d9-ddb5-4fa4-a97d-d965ccfc6d4b" outcome="Passed" testListId="8c84fa94-04c1-424b-9868-57a2d4851a1d" relativeResultsDirectory="f7f0fb2d-736e-4c48-a468-0b2f101a8d57" />
    <UnitTestResult executionId="2572861e-f991-4e1b-9f8a-a84671562ff5" testId="a1e6e846-1a28-89ba-0e6c-4a1c43948d6e" testName="Hw1Tests.ParserTests.ParseCalcArguments_WrongLengthArgs_WillReturnWrongArgLength" computerName="GIVI" duration="00:00:00.0000671" startTime="2022-04-14T19:11:44.0081214+03:00" endTime="2022-04-14T19:11:44.0081215+03:00" testType="13cdc9d9-ddb5-4fa4-a97d-d965ccfc6d4b" outcome="Passed" testListId="8c84fa94-04c1-424b-9868-57a2d4851a1d" relativeResultsDirectory="2572861e-f991-4e1b-9f8a-a84671562ff5" />
    <UnitTestResult executionId="92ef84d4-96cd-4c92-a3a6-32b02ad72c53" testId="89be70bf-06ea-f862-4388-fab434555049" testName="Hw1Tests.ErrorMessagesTests.IsErrorCodeDisplayErrorMessage_WrongInput_WillReturnFalse" computerName="GIVI" duration="00:00:00.0021979" startTime="2022-04-14T19:11:43.9753075+03:00" endTime="2022-04-14T19:11:43.9753356+03:00" testType="13cdc9d9-ddb5-4fa4-a97d-d965ccfc6d4b" outcome="Passed" testListId="8c84fa94-04c1-424b-9868-57a2d4851a1d" relativeResultsDirectory="92ef84d4-96cd-4c92-a3a6-32b02ad72c53" />
    <UnitTestResult executionId="ffd253fd-b877-4acc-a266-fe5c2625f178" testId="85e57aea-5126-60d3-274f-67e4a2c25c80" testName="Hw1Tests.CalculatorTests.Calculate_Minus_WillReturnCorrectResult(val1: -5, operation: Minus, val2: 7, expected: -12)" computerName="GIVI" duration="00:00:00.0000048" startTime="2022-04-14T19:11:44.0074216+03:00" endTime="2022-04-14T19:11:44.0074216+03:00" testType="13cdc9d9-ddb5-4fa4-a97d-d965ccfc6d4b" outcome="Passed" testListId="8c84fa94-04c1-424b-9868-57a2d4851a1d" relativeResultsDirectory="ffd253fd-b877-4acc-a266-fe5c2625f178" />
  </Results>
  <TestDefinitions>
    <UnitTest name="Hw1Tests.ErrorMessagesTests.IsErrorCodeDisplayErrorMessage_WrongInput_WillReturnTrue(code: WrongArgLength, args: [&quot;1&quot;, &quot;+&quot;, &quot;1&quot;, &quot;&quot;])" storage="c:\users\user\desktop\git\actions\2k\homework1\hw1tests\bin\debug\net6.0\hw1tests.dll" id="9635f27e-6bc7-8e2e-d346-abb243be9430">
      <Execution id="1a5b97df-f7ca-4055-80cc-508fc2d6c833" />
      <TestMethod codeBase="C:\Users\user\Desktop\git\Actions\2k\HomeWork1\Hw1Tests\bin\Debug\net6.0\Hw1Tests.dll" adapterTypeName="executor://xunit/VsTestRunner2/netcoreapp" className="Hw1Tests.ErrorMessagesTests" name="IsErrorCodeDisplayErrorMessage_WrongInput_WillReturnTrue" />
    </UnitTest>
    <UnitTest name="Hw1Tests.CalculatorTests.Calculate_Minus_WillReturnCorrectResult(val1: -5, operation: Minus, val2: 7, expected: -12)" storage="c:\users\user\desktop\git\actions\2k\homework1\hw1tests\bin\debug\net6.0\hw1tests.dll" id="85e57aea-5126-60d3-274f-67e4a2c25c80">
      <Execution id="ffd253fd-b877-4acc-a266-fe5c2625f178" />
      <TestMethod codeBase="C:\Users\user\Desktop\git\Actions\2k\HomeWork1\Hw1Tests\bin\Debug\net6.0\Hw1Tests.dll" adapterTypeName="executor://xunit/VsTestRunner2/netcoreapp" className="Hw1Tests.CalculatorTests" name="Calculate_Minus_WillReturnCorrectResult" />
    </UnitTest>
    <UnitTest name="Hw1Tests.CalculatorTests.Calculate_Plus_WillReturnCorrectResult(val1: -5, operation: Plus, val2: 7, expected: 2)" storage="c:\users\user\desktop\git\actions\2k\homework1\hw1tests\bin\debug\net6.0\hw1tests.dll" id="882b02c7-2d7f-7c0c-3aa2-999a3409ae25">
      <Execution id="93e0730f-d0cb-4e58-8834-45ec0200a860" />
      <TestMethod codeBase="C:\Users\user\Desktop\git\Actions\2k\HomeWork1\Hw1Tests\bin\Debug\net6.0\Hw1Tests.dll" adapterTypeName="executor://xunit/VsTestRunner2/netcoreapp" className="Hw1Tests.CalculatorTests" name="Calculate_Plus_WillReturnCorrectResult" />
    </UnitTest>
    <UnitTest name="Hw1Tests.ErrorMessagesTests.IsErrorCodeDisplayErrorMessage_WrongInput_WillReturnFalse" storage="c:\users\user\desktop\git\actions\2k\homework1\hw1tests\bin\debug\net6.0\hw1tests.dll" id="89be70bf-06ea-f862-4388-fab434555049">
      <Execution id="92ef84d4-96cd-4c92-a3a6-32b02ad72c53" />
      <TestMethod codeBase="C:\Users\user\Desktop\git\Actions\2k\HomeWork1\Hw1Tests\bin\Debug\net6.0\Hw1Tests.dll" adapterTypeName="executor://xunit/VsTestRunner2/netcoreapp" className="Hw1Tests.ErrorMessagesTests" name="IsErrorCodeDisplayErrorMessage_WrongInput_WillReturnFalse" />
    </UnitTest>
    <UnitTest name="Hw1Tests.CalculatorTests.Calculate_Multiply_WillReturnCorrectResult(val1: 5, operation: Multiply, val2: 7, expected: 35)" storage="c:\users\user\desktop\git\actions\2k\homework1\hw1tests\bin\debug\net6.0\hw1tests.dll" id="f9eb201a-928d-bb0d-a9e2-5c66f41fe6d8">
      <Execution id="9ae7fec2-46da-4ec2-98df-96268af3b65a" />
      <TestMethod codeBase="C:\Users\user\Desktop\git\Actions\2k\HomeWork1\Hw1Tests\bin\Debug\net6.0\Hw1Tests.dll" adapterTypeName="executor://xunit/VsTestRunner2/netcoreapp" className="Hw1Tests.CalculatorTests" name="Calculate_Multiply_WillReturnCorrectResult" />
    </UnitTest>
    <UnitTest name="Hw1Tests.CalculatorTests.Calculate_Multiply_WillReturnCorrectResult(val1: -5, operation: Multiply, val2: -7, expected: 35)" storage="c:\users\user\desktop\git\actions\2k\homework1\hw1tests\bin\debug\net6.0\hw1tests.dll" id="848d6f12-9231-e015-c7c9-cab0bfa8deaf">
      <Execution id="0fbe844c-7154-46e4-aebb-f8b9e0bbbd2d" />
      <TestMethod codeBase="C:\Users\user\Desktop\git\Actions\2k\HomeWork1\Hw1Tests\bin\Debug\net6.0\Hw1Tests.dll" adapterTypeName="executor://xunit/VsTestRunner2/netcoreapp" className="Hw1Tests.CalculatorTests" name="Calculate_Multiply_WillReturnCorrectResult" />
    </UnitTest>
    <UnitTest name="Hw1Tests.ParserTests.ParseCalcArguments_NotNumber_WillReturnWrongArgFormatInt" storage="c:\users\user\desktop\git\actions\2k\homework1\hw1tests\bin\debug\net6.0\hw1tests.dll" id="9631b5e2-632f-da38-d13d-2b36b9903f58">
      <Execution id="0394def4-2db3-42bb-b36f-a891fa8fee66" />
      <TestMethod codeBase="C:\Users\user\Desktop\git\Actions\2k\HomeWork1\Hw1Tests\bin\Debug\net6.0\Hw1Tests.dll" adapterTypeName="executor://xunit/VsTestRunner2/netcoreapp" className="Hw1Tests.ParserTests" name="ParseCalcArguments_NotNumber_WillReturnWrongArgFormatInt" />
    </UnitTest>
    <UnitTest name="Hw1Tests.ParserTests.ParseCalcArguments_WrongLengthArgs_WillReturnWrongArgLength" storage="c:\users\user\desktop\git\actions\2k\homework1\hw1tests\bin\debug\net6.0\hw1tests.dll" id="a1e6e846-1a28-89ba-0e6c-4a1c43948d6e">
      <Execution id="2572861e-f991-4e1b-9f8a-a84671562ff5" />
      <TestMethod codeBase="C:\Users\user\Desktop\git\Actions\2k\HomeWork1\Hw1Tests\bin\Debug\net6.0\Hw1Tests.dll" adapterTypeName="executor://xunit/VsTestRunner2/netcoreapp" className="Hw1Tests.ParserTests" name="ParseCalcArguments_WrongLengthArgs_WillReturnWrongArgLength" />
    </UnitTest>
    <UnitTest name="Hw1Tests.CalculatorTests.Calculate_Multiply_WillReturnCorrectResult(val1: 5, operation: Multiply, val2: -7, expected: -35)" storage="c:\users\user\desktop\git\actions\2k\homework1\hw1tests\bin\debug\net6.0\hw1tests.dll" id="a47b4ba0-b23b-bba9-f457-8e615155c93c">
      <Execution id="b082f304-2873-4ed0-aca3-e2df9cdb5fab" />
      <TestMethod codeBase="C:\Users\user\Desktop\git\Actions\2k\HomeWork1\Hw1Tests\bin\Debug\net6.0\Hw1Tests.dll" adapterTypeName="executor://xunit/VsTestRunner2/netcoreapp" className="Hw1Tests.CalculatorTests" name="Calculate_Multiply_WillReturnCorrectResult" />
    </UnitTest>
    <UnitTest name="Hw1Tests.ErrorMessagesTests.IsErrorCodeDisplayErrorMessage_WrongInput_WillReturnTrue(code: WrongArgFormatOperation, args: [&quot;1&quot;, &quot;fd&quot;, &quot;1&quot;])" storage="c:\users\user\desktop\git\actions\2k\homework1\hw1tests\bin\debug\net6.0\hw1tests.dll" id="339d06ad-0a76-b384-af3e-7e815fa7c6fe">
      <Execution id="1f05bace-f907-4f5b-9b34-16f57fae40b8" />
      <TestMethod codeBase="C:\Users\user\Desktop\git\Actions\2k\HomeWork1\Hw1Tests\bin\Debug\net6.0\Hw1Tests.dll" adapterTypeName="executor://xunit/VsTestRunner2/netcoreapp" className="Hw1Tests.ErrorMessagesTests" name="IsErrorCodeDisplayErrorMessage_WrongInput_WillReturnTrue" />
    </UnitTest>
    <UnitTest name="Hw1Tests.ProgramTests.Main_WrongInputData_WillReturnNotZero" storage="c:\users\user\desktop\git\actions\2k\homework1\hw1tests\bin\debug\net6.0\hw1tests.dll" id="1ccab59f-0542-2245-61b2-3870f94bcc65">
      <Execution id="5a230d11-97e8-4b60-8dc2-d6f45b93a495" />
      <TestMethod codeBase="C:\Users\user\Desktop\git\Actions\2k\HomeWork1\Hw1Tests\bin\Debug\net6.0\Hw1Tests.dll" adapterTypeName="executor://xunit/VsTestRunner2/netcoreapp" className="Hw1Tests.ProgramTests" name="Main_WrongInputData_WillReturnNotZero" />
    </UnitTest>
    <UnitTest name="Hw1Tests.CalculatorTests.Calculate_Plus_WillReturnCorrectResult(val1: 5, operation: Plus, val2: -7, expected: -2)" storage="c:\users\user\desktop\git\actions\2k\homework1\hw1tests\bin\debug\net6.0\hw1tests.dll" id="cfb41571-67ff-6d96-d36b-9a699ad3add9">
      <Execution id="2ae28f27-3467-4dd7-8639-07ba0c49e9e2" />
      <TestMethod codeBase="C:\Users\user\Desktop\git\Actions\2k\HomeWork1\Hw1Tests\bin\Debug\net6.0\Hw1Tests.dll" adapterTypeName="executor://xunit/VsTestRunner2/netcoreapp" className="Hw1Tests.CalculatorTests" name="Calculate_Plus_WillReturnCorrectResult" />
    </UnitTest>
    <UnitTest name="Hw1Tests.CalculatorTests.Calculate_Minus_WillReturnCorrectResult(val1: -5, operation: Minus, val2: -7, expected: 2)" storage="c:\users\user\desktop\git\actions\2k\homework1\hw1tests\bin\debug\net6.0\hw1tests.dll" id="f34375e2-610d-f3df-5048-8ba1b6ffe9a6">
      <Execution id="bf5d5412-e64a-482b-af01-f266cc7a50dc" />
      <TestMethod codeBase="C:\Users\user\Desktop\git\Actions\2k\HomeWork1\Hw1Tests\bin\Debug\net6.0\Hw1Tests.dll" adapterTypeName="executor://xunit/VsTestRunner2/netcoreapp" className="Hw1Tests.CalculatorTests" name="Calculate_Minus_WillReturnCorrectResult" />
    </UnitTest>
    <UnitTest name="Hw1Tests.ParserTests.ParseCalcArguments_Operation_WillParse(operation: &quot;*&quot;, operationExpected: Multiply)" storage="c:\users\user\desktop\git\actions\2k\homework1\hw1tests\bin\debug\net6.0\hw1tests.dll" id="1cd3461f-b23c-980d-ea55-65051a80f8c4">
      <Execution id="0277e4e5-aeea-4285-9d64-dab360a5a777" />
      <TestMethod codeBase="C:\Users\user\Desktop\git\Actions\2k\HomeWork1\Hw1Tests\bin\Debug\net6.0\Hw1Tests.dll" adapterTypeName="executor://xunit/VsTestRunner2/netcoreapp" className="Hw1Tests.ParserTests" name="ParseCalcArguments_Operation_WillParse" />
    </UnitTest>
    <UnitTest name="Hw1Tests.CalculatorTests.Calculate_Minus_WillReturnCorrectResult(val1: 5, operation: Minus, val2: 7, expected: -2)" storage="c:\users\user\desktop\git\actions\2k\homework1\hw1tests\bin\debug\net6.0\hw1tests.dll" id="2cbed5f4-7ed9-78ff-958b-032e297b345b">
      <Execution id="aeb1d5b3-ecac-4181-aab4-6452af0264e1" />
      <TestMethod codeBase="C:\Users\user\Desktop\git\Actions\2k\HomeWork1\Hw1Tests\bin\Debug\net6.0\Hw1Tests.dll" adapterTypeName="executor://xunit/VsTestRunner2/netcoreapp" className="Hw1Tests.CalculatorTests" name="Calculate_Minus_WillReturnCorrectResult" />
    </UnitTest>
    <UnitTest name="Hw1Tests.ParserTests.ParseCalcArguments_Operation_WillParse(operation: &quot;-&quot;, operationExpected: Minus)" storage="c:\users\user\desktop\git\actions\2k\homework1\hw1tests\bin\debug\net6.0\hw1tests.dll" id="7c52ddd1-05e7-4bbb-17d5-16fba27765fa">
      <Execution id="b17c8641-c566-41c0-8255-de00948bc7cc" />
      <TestMethod codeBase="C:\Users\user\Desktop\git\Actions\2k\HomeWork1\Hw1Tests\bin\Debug\net6.0\Hw1Tests.dll" adapterTypeName="executor://xunit/VsTestRunner2/netcoreapp" className="Hw1Tests.ParserTests" name="ParseCalcArguments_Operation_WillParse" />
    </UnitTest>
    <UnitTest name="Hw1Tests.CalculatorTests.Calculate_Minus_WillReturnCorrectResult(val1: 5, operation: Minus, val2: -7, expected: 12)" storage="c:\users\user\desktop\git\actions\2k\homework1\hw1tests\bin\debug\net6.0\hw1tests.dll" id="94af45db-ae5e-6a17-d036-8ac813348adf">
      <Execution id="f7f0fb2d-736e-4c48-a468-0b2f101a8d57" />
      <TestMethod codeBase="C:\Users\user\Desktop\git\Actions\2k\HomeWork1\Hw1Tests\bin\Debug\net6.0\Hw1Tests.dll" adapterTypeName="executor://xunit/VsTestRunner2/netcoreapp" className="Hw1Tests.CalculatorTests" name="Calculate_Minus_WillReturnCorrectResult" />
    </UnitTest>
    <UnitTest name="Hw1Tests.ParserTests.ParseCalcArguments_Operation_WillParse(operation: &quot;/&quot;, operationExpected: Divide)" storage="c:\users\user\desktop\git\actions\2k\homework1\hw1tests\bin\debug\net6.0\hw1tests.dll" id="f114b2e5-4548-b480-5797-9d4ad33fb0fb">
      <Execution id="e963d38d-e232-40a0-861b-cb0c161c4e85" />
      <TestMethod codeBase="C:\Users\user\Desktop\git\Actions\2k\HomeWork1\Hw1Tests\bin\Debug\net6.0\Hw1Tests.dll" adapterTypeName="executor://xunit/VsTestRunner2/netcoreapp" className="Hw1Tests.ParserTests" name="ParseCalcArguments_Operation_WillParse" />
    </UnitTest>
    <UnitTest name="Hw1Tests.ParserTests.ParseCalcArguments_Operation_WillParse(operation: &quot;+&quot;, operationExpected: Plus)" storage="c:\users\user\desktop\git\actions\2k\homework1\hw1tests\bin\debug\net6.0\hw1tests.dll" id="3e6391e3-a1d6-145e-a55c-81e379f1186f">
      <Execution id="266548d4-9c96-4e75-aeb2-600ee7d3f9f0" />
      <TestMethod codeBase="C:\Users\user\Desktop\git\Actions\2k\HomeWork1\Hw1Tests\bin\Debug\net6.0\Hw1Tests.dll" adapterTypeName="executor://xunit/VsTestRunner2/netcoreapp" className="Hw1Tests.ParserTests" name="ParseCalcArguments_Operation_WillParse" />
    </UnitTest>
    <UnitTest name="Hw1Tests.ProgramTests.Main_CorrectInputData_WillReturnZero" storage="c:\users\user\desktop\git\actions\2k\homework1\hw1tests\bin\debug\net6.0\hw1tests.dll" id="99765324-fded-a78e-7c19-89f5434292af">
      <Execution id="4ccc3e45-4aca-4d73-8b9c-8729d225d423" />
      <TestMethod codeBase="C:\Users\user\Desktop\git\Actions\2k\HomeWork1\Hw1Tests\bin\Debug\net6.0\Hw1Tests.dll" adapterTypeName="executor://xunit/VsTestRunner2/netcoreapp" className="Hw1Tests.ProgramTests" name="Main_CorrectInputData_WillReturnZero" />
    </UnitTest>
    <UnitTest name="Hw1Tests.CalculatorTests.Calculate_Plus_WillReturnCorrectResult(val1: -5, operation: Plus, val2: -7, expected: -12)" storage="c:\users\user\desktop\git\actions\2k\homework1\hw1tests\bin\debug\net6.0\hw1tests.dll" id="307258b7-777b-1af1-152b-5e6cb6897c62">
      <Execution id="45410ab1-1d99-45ff-8052-91aee314c16a" />
      <TestMethod codeBase="C:\Users\user\Desktop\git\Actions\2k\HomeWork1\Hw1Tests\bin\Debug\net6.0\Hw1Tests.dll" adapterTypeName="executor://xunit/VsTestRunner2/netcoreapp" className="Hw1Tests.CalculatorTests" name="Calculate_Plus_WillReturnCorrectResult" />
    </UnitTest>
    <UnitTest name="Hw1Tests.CalculatorTests.Calculate_Divide_WillReturnCorrectResult(val1: -10, operation: Divide, val2: 5, expected: -2)" storage="c:\users\user\desktop\git\actions\2k\homework1\hw1tests\bin\debug\net6.0\hw1tests.dll" id="774fdc75-0c14-3664-7a77-fa69f0478c4f">
      <Execution id="39d8df51-5628-4e63-aff9-d3332fde42bc" />
      <TestMethod codeBase="C:\Users\user\Desktop\git\Actions\2k\HomeWork1\Hw1Tests\bin\Debug\net6.0\Hw1Tests.dll" adapterTypeName="executor://xunit/VsTestRunner2/netcoreapp" className="Hw1Tests.CalculatorTests" name="Calculate_Divide_WillReturnCorrectResult" />
    </UnitTest>
    <UnitTest name="Hw1Tests.ErrorMessagesTests.IsErrorCodeDisplayErrorMessage_WrongInput_WillReturnTrue(code: WrongArgFormatInt, args: [&quot;1&quot;, &quot;+&quot;, &quot;s&quot;])" storage="c:\users\user\desktop\git\actions\2k\homework1\hw1tests\bin\debug\net6.0\hw1tests.dll" id="b9ac6344-016c-0240-3bf2-28c86e868452">
      <Execution id="eaaa0b46-1399-4c93-8b36-0cdc3a272ed9" />
      <TestMethod codeBase="C:\Users\user\Desktop\git\Actions\2k\HomeWork1\Hw1Tests\bin\Debug\net6.0\Hw1Tests.dll" adapterTypeName="executor://xunit/VsTestRunner2/netcoreapp" className="Hw1Tests.ErrorMessagesTests" name="IsErrorCodeDisplayErrorMessage_WrongInput_WillReturnTrue" />
    </UnitTest>
    <UnitTest name="Hw1Tests.ParserTests.ParseCalcArguments_NotOperation_WillReturnWrongArgFormatOperation" storage="c:\users\user\desktop\git\actions\2k\homework1\hw1tests\bin\debug\net6.0\hw1tests.dll" id="03d5bd12-969f-8429-9de3-74000c386e58">
      <Execution id="5cf5f155-1cf8-4716-8771-d26e1eccc313" />
      <TestMethod codeBase="C:\Users\user\Desktop\git\Actions\2k\HomeWork1\Hw1Tests\bin\Debug\net6.0\Hw1Tests.dll" adapterTypeName="executor://xunit/VsTestRunner2/netcoreapp" className="Hw1Tests.ParserTests" name="ParseCalcArguments_NotOperation_WillReturnWrongArgFormatOperation" />
    </UnitTest>
    <UnitTest name="Hw1Tests.CalculatorTests.Calculate_Divide_WillReturnCorrectResult(val1: 7, operation: Divide, val2: 2, expected: 3,5)" storage="c:\users\user\desktop\git\actions\2k\homework1\hw1tests\bin\debug\net6.0\hw1tests.dll" id="1c963188-7a84-184c-1700-8ad6b4f37877">
      <Execution id="69590d5d-eec0-4dc1-9a90-0494d6e51208" />
      <TestMethod codeBase="C:\Users\user\Desktop\git\Actions\2k\HomeWork1\Hw1Tests\bin\Debug\net6.0\Hw1Tests.dll" adapterTypeName="executor://xunit/VsTestRunner2/netcoreapp" className="Hw1Tests.CalculatorTests" name="Calculate_Divide_WillReturnCorrectResult" />
    </UnitTest>
    <UnitTest name="Hw1Tests.CalculatorTests.Calculate_Divide_WillReturnCorrectResult(val1: -10, operation: Divide, val2: -5, expected: 2)" storage="c:\users\user\desktop\git\actions\2k\homework1\hw1tests\bin\debug\net6.0\hw1tests.dll" id="4bc6921a-901d-fc0f-51b1-d44843b25503">
      <Execution id="907eca22-86da-4d62-a5a2-47fde0f9cf08" />
      <TestMethod codeBase="C:\Users\user\Desktop\git\Actions\2k\HomeWork1\Hw1Tests\bin\Debug\net6.0\Hw1Tests.dll" adapterTypeName="executor://xunit/VsTestRunner2/netcoreapp" className="Hw1Tests.CalculatorTests" name="Calculate_Divide_WillReturnCorrectResult" />
    </UnitTest>
    <UnitTest name="Hw1Tests.CalculatorTests.Calculate_Divide_WillReturnCorrectResult(val1: 10, operation: Divide, val2: 5, expected: 2)" storage="c:\users\user\desktop\git\actions\2k\homework1\hw1tests\bin\debug\net6.0\hw1tests.dll" id="fc2a285d-e9da-8d85-a7d6-d0646ac2c247">
      <Execution id="898348b4-2be6-4589-acf4-ec9492bf8f00" />
      <TestMethod codeBase="C:\Users\user\Desktop\git\Actions\2k\HomeWork1\Hw1Tests\bin\Debug\net6.0\Hw1Tests.dll" adapterTypeName="executor://xunit/VsTestRunner2/netcoreapp" className="Hw1Tests.CalculatorTests" name="Calculate_Divide_WillReturnCorrectResult" />
    </UnitTest>
    <UnitTest name="Hw1Tests.CalculatorTests.Calculate_Divide_WillReturnCorrectResult(val1: 10, operation: Divide, val2: -5, expected: -2)" storage="c:\users\user\desktop\git\actions\2k\homework1\hw1tests\bin\debug\net6.0\hw1tests.dll" id="ccdb80bb-47ae-e497-3f80-764b86ac0380">
      <Execution id="b908ba3b-a61b-4aa8-917b-9fb5ce27de22" />
      <TestMethod codeBase="C:\Users\user\Desktop\git\Actions\2k\HomeWork1\Hw1Tests\bin\Debug\net6.0\Hw1Tests.dll" adapterTypeName="executor://xunit/VsTestRunner2/netcoreapp" className="Hw1Tests.CalculatorTests" name="Calculate_Divide_WillReturnCorrectResult" />
    </UnitTest>
    <UnitTest name="Hw1Tests.CalculatorTests.Calculate_Plus_WillReturnCorrectResult(val1: 5, operation: Plus, val2: 7, expected: 12)" storage="c:\users\user\desktop\git\actions\2k\homework1\hw1tests\bin\debug\net6.0\hw1tests.dll" id="e44953b9-483e-7063-5595-45f347246084">
      <Execution id="f04fc803-f659-4a38-855f-55214f89aad4" />
      <TestMethod codeBase="C:\Users\user\Desktop\git\Actions\2k\HomeWork1\Hw1Tests\bin\Debug\net6.0\Hw1Tests.dll" adapterTypeName="executor://xunit/VsTestRunner2/netcoreapp" className="Hw1Tests.CalculatorTests" name="Calculate_Plus_WillReturnCorrectResult" />
    </UnitTest>
    <UnitTest name="Hw1Tests.CalculatorTests.Calculate_Multiply_WillReturnCorrectResult(val1: -5, operation: Multiply, val2: 7, expected: -35)" storage="c:\users\user\desktop\git\actions\2k\homework1\hw1tests\bin\debug\net6.0\hw1tests.dll" id="12cb2f01-6feb-f183-c109-1430df718a33">
      <Execution id="f3ccf9d9-aab7-4ec8-a539-18b9d79e8e38" />
      <TestMethod codeBase="C:\Users\user\Desktop\git\Actions\2k\HomeWork1\Hw1Tests\bin\Debug\net6.0\Hw1Tests.dll" adapterTypeName="executor://xunit/VsTestRunner2/netcoreapp" className="Hw1Tests.CalculatorTests" name="Calculate_Multiply_WillReturnCorrectResult" />
    </UnitTest>
  </TestDefinitions>
  <TestEntries>
    <TestEntry testId="99765324-fded-a78e-7c19-89f5434292af" executionId="4ccc3e45-4aca-4d73-8b9c-8729d225d423" testListId="8c84fa94-04c1-424b-9868-57a2d4851a1d" />
    <TestEntry testId="12cb2f01-6feb-f183-c109-1430df718a33" executionId="f3ccf9d9-aab7-4ec8-a539-18b9d79e8e38" testListId="8c84fa94-04c1-424b-9868-57a2d4851a1d" />
    <TestEntry testId="339d06ad-0a76-b384-af3e-7e815fa7c6fe" executionId="1f05bace-f907-4f5b-9b34-16f57fae40b8" testListId="8c84fa94-04c1-424b-9868-57a2d4851a1d" />
    <TestEntry testId="1ccab59f-0542-2245-61b2-3870f94bcc65" executionId="5a230d11-97e8-4b60-8dc2-d6f45b93a495" testListId="8c84fa94-04c1-424b-9868-57a2d4851a1d" />
    <TestEntry testId="307258b7-777b-1af1-152b-5e6cb6897c62" executionId="45410ab1-1d99-45ff-8052-91aee314c16a" testListId="8c84fa94-04c1-424b-9868-57a2d4851a1d" />
    <TestEntry testId="b9ac6344-016c-0240-3bf2-28c86e868452" executionId="eaaa0b46-1399-4c93-8b36-0cdc3a272ed9" testListId="8c84fa94-04c1-424b-9868-57a2d4851a1d" />
    <TestEntry testId="4bc6921a-901d-fc0f-51b1-d44843b25503" executionId="907eca22-86da-4d62-a5a2-47fde0f9cf08" testListId="8c84fa94-04c1-424b-9868-57a2d4851a1d" />
    <TestEntry testId="f114b2e5-4548-b480-5797-9d4ad33fb0fb" executionId="e963d38d-e232-40a0-861b-cb0c161c4e85" testListId="8c84fa94-04c1-424b-9868-57a2d4851a1d" />
    <TestEntry testId="2cbed5f4-7ed9-78ff-958b-032e297b345b" executionId="aeb1d5b3-ecac-4181-aab4-6452af0264e1" testListId="8c84fa94-04c1-424b-9868-57a2d4851a1d" />
    <TestEntry testId="848d6f12-9231-e015-c7c9-cab0bfa8deaf" executionId="0fbe844c-7154-46e4-aebb-f8b9e0bbbd2d" testListId="8c84fa94-04c1-424b-9868-57a2d4851a1d" />
    <TestEntry testId="a47b4ba0-b23b-bba9-f457-8e615155c93c" executionId="b082f304-2873-4ed0-aca3-e2df9cdb5fab" testListId="8c84fa94-04c1-424b-9868-57a2d4851a1d" />
    <TestEntry testId="e44953b9-483e-7063-5595-45f347246084" executionId="f04fc803-f659-4a38-855f-55214f89aad4" testListId="8c84fa94-04c1-424b-9868-57a2d4851a1d" />
    <TestEntry testId="f9eb201a-928d-bb0d-a9e2-5c66f41fe6d8" executionId="9ae7fec2-46da-4ec2-98df-96268af3b65a" testListId="8c84fa94-04c1-424b-9868-57a2d4851a1d" />
    <TestEntry testId="cfb41571-67ff-6d96-d36b-9a699ad3add9" executionId="2ae28f27-3467-4dd7-8639-07ba0c49e9e2" testListId="8c84fa94-04c1-424b-9868-57a2d4851a1d" />
    <TestEntry testId="9631b5e2-632f-da38-d13d-2b36b9903f58" executionId="0394def4-2db3-42bb-b36f-a891fa8fee66" testListId="8c84fa94-04c1-424b-9868-57a2d4851a1d" />
    <TestEntry testId="fc2a285d-e9da-8d85-a7d6-d0646ac2c247" executionId="898348b4-2be6-4589-acf4-ec9492bf8f00" testListId="8c84fa94-04c1-424b-9868-57a2d4851a1d" />
    <TestEntry testId="3e6391e3-a1d6-145e-a55c-81e379f1186f" executionId="266548d4-9c96-4e75-aeb2-600ee7d3f9f0" testListId="8c84fa94-04c1-424b-9868-57a2d4851a1d" />
    <TestEntry testId="f34375e2-610d-f3df-5048-8ba1b6ffe9a6" executionId="bf5d5412-e64a-482b-af01-f266cc7a50dc" testListId="8c84fa94-04c1-424b-9868-57a2d4851a1d" />
    <TestEntry testId="774fdc75-0c14-3664-7a77-fa69f0478c4f" executionId="39d8df51-5628-4e63-aff9-d3332fde42bc" testListId="8c84fa94-04c1-424b-9868-57a2d4851a1d" />
    <TestEntry testId="1cd3461f-b23c-980d-ea55-65051a80f8c4" executionId="0277e4e5-aeea-4285-9d64-dab360a5a777" testListId="8c84fa94-04c1-424b-9868-57a2d4851a1d" />
    <TestEntry testId="882b02c7-2d7f-7c0c-3aa2-999a3409ae25" executionId="93e0730f-d0cb-4e58-8834-45ec0200a860" testListId="8c84fa94-04c1-424b-9868-57a2d4851a1d" />
    <TestEntry testId="7c52ddd1-05e7-4bbb-17d5-16fba27765fa" executionId="b17c8641-c566-41c0-8255-de00948bc7cc" testListId="8c84fa94-04c1-424b-9868-57a2d4851a1d" />
    <TestEntry testId="03d5bd12-969f-8429-9de3-74000c386e58" executionId="5cf5f155-1cf8-4716-8771-d26e1eccc313" testListId="8c84fa94-04c1-424b-9868-57a2d4851a1d" />
    <TestEntry testId="9635f27e-6bc7-8e2e-d346-abb243be9430" executionId="1a5b97df-f7ca-4055-80cc-508fc2d6c833" testListId="8c84fa94-04c1-424b-9868-57a2d4851a1d" />
    <TestEntry testId="1c963188-7a84-184c-1700-8ad6b4f37877" executionId="69590d5d-eec0-4dc1-9a90-0494d6e51208" testListId="8c84fa94-04c1-424b-9868-57a2d4851a1d" />
    <TestEntry testId="ccdb80bb-47ae-e497-3f80-764b86ac0380" executionId="b908ba3b-a61b-4aa8-917b-9fb5ce27de22" testListId="8c84fa94-04c1-424b-9868-57a2d4851a1d" />
    <TestEntry testId="94af45db-ae5e-6a17-d036-8ac813348adf" executionId="f7f0fb2d-736e-4c48-a468-0b2f101a8d57" testListId="8c84fa94-04c1-424b-9868-57a2d4851a1d" />
    <TestEntry testId="a1e6e846-1a28-89ba-0e6c-4a1c43948d6e" executionId="2572861e-f991-4e1b-9f8a-a84671562ff5" testListId="8c84fa94-04c1-424b-9868-57a2d4851a1d" />
    <TestEntry testId="89be70bf-06ea-f862-4388-fab434555049" executionId="92ef84d4-96cd-4c92-a3a6-32b02ad72c53" testListId="8c84fa94-04c1-424b-9868-57a2d4851a1d" />
    <TestEntry testId="85e57aea-5126-60d3-274f-67e4a2c25c80" executionId="ffd253fd-b877-4acc-a266-fe5c2625f178" testListId="8c84fa94-04c1-424b-9868-57a2d4851a1d" />
  </TestEntries>
  <TestLists>
    <TestList name="Список результатов" id="8c84fa94-04c1-424b-9868-57a2d4851a1d" />
    <TestList name="Все загруженные результаты" id="19431567-8539-422a-85d7-44ee4e166bda" />
  </TestLists>
  <ResultSummary outcome="Completed">
    <Counters total="30" executed="30" passed="30" failed="0" error="0" timeout="0" aborted="0" inconclusive="0" passedButRunAborted="0" notRunnable="0" notExecuted="0" disconnected="0" warning="0" completed="0" inProgress="0" pending="0" />
    <Output>
      <StdOut>[xUnit.net 00:00:00.00] xUnit.net VSTest Adapter v2.4.3+1b45f5407b (64-bit .NET 6.0.4)&#xD;
[xUnit.net 00:00:00.34]   Discovering: Hw1Tests&#xD;
[xUnit.net 00:00:00.38]   Discovered:  Hw1Tests&#xD;
[xUnit.net 00:00:00.38]   Starting:    Hw1Tests&#xD;
[xUnit.net 00:00:00.47]   Finished:    Hw1Tests&#xD;
</StdOut>
    </Output>
  </ResultSummary>
</TestRun>